WelComeActivity/proguard/seeds.txt
com.baidu.location.i$a
com.baidu.location.i$a: com.baidu.location.i a
com.baidu.location.i$a: i$a(com.baidu.location.i)
com.baidu.location.i$a: void onReceiveLocation(com.baidu.location.BDLocation)
com.baidu.location.i$a: void onReceivePoi(com.baidu.location.BDLocation)
com.baidu.location.i$b
com.baidu.location.i$b: com.baidu.location.i a
com.baidu.location.i$b: i$b(com.baidu.location.i)
com.baidu.location.i$b: void onReceive(android.content.Context,android.content.Intent)
com.baidu.location.j
com.baidu.location.j: boolean do
com.baidu.location.j: boolean c
com.baidu.location.j: int new
com.baidu.location.j: int for
com.baidu.location.j: float case
com.baidu.location.j: float if
com.baidu.location.j: float char
com.baidu.location.j: boolean void
com.baidu.location.j: boolean try
com.baidu.location.j: boolean b
com.baidu.location.j: int long
com.baidu.location.j: java.lang.String a
com.baidu.location.j: java.lang.String int
com.baidu.location.j: boolean else
com.baidu.location.j: boolean byte
com.baidu.location.j: java.lang.Process goto
com.baidu.location.j: j()
com.baidu.location.j: int if(java.lang.String,java.lang.String,java.lang.String)
com.baidu.location.j: float a(java.lang.String,java.lang.String,java.lang.String)
com.baidu.location.j: double do(java.lang.String,java.lang.String,java.lang.String)
com.baidu.location.j: java.lang.String a(java.lang.String,java.lang.String,java.lang.String,double)
com.baidu.location.j: java.lang.String a()
com.baidu.location.j: java.lang.String if()
com.baidu.location.j: java.lang.String a(com.baidu.location.c$a,com.baidu.location.e$c,android.location.Location,java.lang.String,int)
com.baidu.location.j: void for()
com.baidu.location.j: void int()
com.baidu.location.j: void a(java.lang.String,java.lang.String)
com.baidu.location.j: void if(java.lang.String,java.lang.String)
com.baidu.location.j: boolean a(java.lang.String)
com.baidu.location.j: void if(java.lang.String)
com.baidu.location.k
com.baidu.location.k: java.lang.String else
com.baidu.location.k: java.util.ArrayList void
com.baidu.location.k: java.util.ArrayList try
com.baidu.location.k: java.util.ArrayList f
com.baidu.location.k: java.lang.String h
com.baidu.location.k: java.io.File c
com.baidu.location.k: int char
com.baidu.location.k: int if
com.baidu.location.k: int i
com.baidu.location.k: int case
com.baidu.location.k: int j
com.baidu.location.k: int g
com.baidu.location.k: double e
com.baidu.location.k: double a
com.baidu.location.k: double long
com.baidu.location.k: double d
com.baidu.location.k: int new
com.baidu.location.k: int b
com.baidu.location.k: int int
com.baidu.location.k: android.location.Location goto
com.baidu.location.k: android.location.Location byte
com.baidu.location.k: android.location.Location do
com.baidu.location.k: com.baidu.location.e$c for
com.baidu.location.k: k()
com.baidu.location.k: java.lang.String a()
com.baidu.location.k: void a(com.baidu.location.c$a,com.baidu.location.e$c,android.location.Location,java.lang.String)
com.baidu.location.k: void a(double,double,double,double)
com.baidu.location.k: void if()
com.baidu.location.k: boolean if(android.location.Location)
com.baidu.location.k: boolean a(android.location.Location)
com.baidu.location.k: boolean a(android.location.Location,com.baidu.location.e$c)
com.baidu.location.k: void if(java.lang.String)
com.baidu.location.k: void a(java.lang.String)