WelComeActivity/proguard/mapping.txt
com.umeng.analytics.d -> com.umeng.analytics.d:
    java.lang.String a -> a
    java.lang.String b -> b
    java.lang.String c -> c
    long d -> d
    int e -> e
    int f -> f
    boolean g -> g
    boolean h -> h
    boolean i -> i
    boolean j -> j
    java.lang.String k -> k
    java.lang.Object l -> l
    java.lang.String m -> m
    java.lang.String[] n -> n
    java.lang.String o -> o
    java.lang.String p -> p
    boolean q -> q
    java.lang.String r -> r
    java.lang.String s -> s
    java.lang.String t -> t
    java.lang.String u -> u
    java.lang.String v -> v
    java.lang.String w -> w
    java.lang.String x -> x
    java.lang.String y -> y
    java.lang.String z -> z
com.umeng.analytics.e -> com.umeng.analytics.e:
    java.lang.String a(android.content.Context) -> a
com.umeng.analytics.f -> com.umeng.analytics.f:
    android.content.SharedPreferences a(android.content.Context) -> a
    android.content.SharedPreferences b(android.content.Context) -> b
    android.content.SharedPreferences c(android.content.Context) -> c
    android.content.SharedPreferences d(android.content.Context) -> d
    android.content.SharedPreferences e(android.content.Context) -> e
    java.lang.String f(android.content.Context) -> f
    java.lang.String g(android.content.Context) -> g
    org.json.JSONObject h(android.content.Context) -> h
com.umeng.analytics.g -> com.umeng.analytics.g:
    java.util.Vector a -> a
    int b -> b
    java.lang.String c -> c
    android.content.Context d -> d
    void a(java.lang.Long) -> a
    java.lang.Long a() -> a
    int b() -> b
    java.lang.String toString() -> toString
    com.umeng.analytics.g a(android.content.Context,java.lang.String) -> a
    void c() -> c
com.umeng.common.Log -> com.umeng.common.Log:
    boolean LOG -> LOG
    void a(java.lang.String,java.lang.String) -> a
    void a(java.lang.String,java.lang.String,java.lang.Exception) -> a
    void b(java.lang.String,java.lang.String) -> b
    void b(java.lang.String,java.lang.String,java.lang.Exception) -> b
    void c(java.lang.String,java.lang.String) -> c
    void c(java.lang.String,java.lang.String,java.lang.Exception) -> c
    void d(java.lang.String,java.lang.String) -> d
    void d(java.lang.String,java.lang.String,java.lang.Exception) -> d
    void e(java.lang.String,java.lang.String) -> e
    void e(java.lang.String,java.lang.String,java.lang.Exception) -> e
com.umeng.common.a -> com.umeng.common.a:
    java.lang.String a -> a
    java.lang.String b -> b
    java.lang.String c -> c
    java.lang.String d -> d
    java.lang.String e -> e
    java.lang.String f -> f
    java.lang.String g -> g
    java.lang.String h -> h
    java.lang.String i -> i
    java.lang.String j -> j
    java.lang.String k -> k
    java.lang.String l -> l
    java.lang.String m -> m
com.umeng.common.a.a -> com.umeng.common.a.a:
    int a(android.content.Context) -> a
    int b(android.content.Context) -> b
    int c(android.content.Context) -> c
    int d(android.content.Context) -> d
    int e(android.content.Context) -> e
com.umeng.common.a.b -> com.umeng.common.a.b:
    int a(android.content.Context) -> a