WelComeActivity/proguard/usage.txt
cn.edaijia.android.client.R$anim
cn.edaijia.android.client.R$attr
cn.edaijia.android.client.R$color
cn.edaijia.android.client.R$dimen
cn.edaijia.android.client.R$drawable
cn.edaijia.android.client.R$id
cn.edaijia.android.client.R$layout
cn.edaijia.android.client.R$string
cn.edaijia.android.client.R$style
cn.edaijia.android.client.R$update_id
cn.edaijia.android.client.activity.CityListActivity:
    private static final int REFRESH_SUC
    private static final int REFRESH_FAIL
cn.edaijia.android.client.activity.DriverDetails:
    private static final int MSG_UPDATE_DRIVER_STATE
    private static final int MSG_NO_COMMENTS
    private static final int MSG_UPDATE_DRIVER_COMMENTS
    private static final int MSG_NO_MORE_COMMENTS
cn.edaijia.android.client.activity.DriverListActivity:
    public android.app.LocalActivityManager localActivityManager
    private static final int MSG_LOAD_SUCC
    private static final int MSG_LOAD_FAILED
    private static final int MSG_SHOW_WAITING
cn.edaijia.android.client.activity.FavorableActivity:
    private static final int EDIT_NULL
    private static final int PHONE_ERROR
    private static final int SUBMIT_SCESS
    private static final int SUBMIT_WRONG
cn.edaijia.android.client.activity.PriceActivity:
    private static final java.lang.String KEY_GOT_CITY_NAME
cn.edaijia.android.client.db.DBDao
cn.edaijia.android.client.db.DBManager:
    private static final java.lang.String DB_FILE_NAME
    private static final java.lang.String TABLE_CALL_LOG
    private static final java.lang.String TABLE_APP_CONTENT
    private static final java.lang.String TABLE_MY_DRIVER_LIST
    141:156:public static boolean clearPhoneInfo()
    222:249:public static java.util.List getFailedInfo()
cn.edaijia.android.client.db.UploadInfo:
    35:35:public java.lang.String getResolution()
cn.edaijia.android.client.maps.DriverOverlay:
    android.graphics.drawable.Drawable marker
    130:132:public void addOverlayItem(com.baidu.mapapi.OverlayItem)
cn.edaijia.android.client.maps.DriverRecord:
    private java.lang.String addr
    private java.lang.String updateTime
    78:78:public java.lang.String getSort()
    83:84:public void setSort(java.lang.String)
    96:96:public java.lang.String getDriver_id()
    108:108:public java.lang.String getId()
    132:132:public java.lang.String getIdCard()
    148:148:public java.lang.String getCard()
    196:196:public java.lang.String getPic_middle()
    204:204:public java.lang.String getPic_large()
    220:220:public java.lang.String getComment_count()
    244:244:public java.lang.String getAddr()
    248:249:public void setAddr(java.lang.String)
    252:252:public java.lang.String getUpdateTime()
    256:257:public void setUpdateTime(java.lang.String)
    264:264:public java.lang.String getPrice()
cn.edaijia.android.client.maps.EDriverMapActivity:
    private static final int MSG_LOAD_SUCC
    private static final int MSG_LOCATE_ERROR
    private static final int MSG_NO_DATA
    private static final int MSG_LOAD_FAILED
    private static final int MSG_SHOW_WAITING
    private static final int MSG_HIDE_WAITING
    214:231:private void updateDriverList(android.content.Intent)
cn.edaijia.android.client.maps.LocManager:
    121:122:public void startLocService()
    143:143:public java.lang.String getAddr()
cn.edaijia.android.client.maps.MapConstants
cn.edaijia.android.client.model.AppContentInfo:
    49:49:public java.lang.String getRecommendText()
    69:70:public void setRechargeText(java.lang.String)